# JRE version: Java(TM) SE Runtime Environment (8.0_151-b12) (build 1.8.0_151-b12)
# Java VM: Java HotSpot(TM) 64-Bit Server VM (25.151-b12 mixed mode windows-amd64 compressed oops)
Heap:
 PSYoungGen      total 38400K, used 8329K [0x00000000d5c00000, 0x00000000d8f00000, 0x0000000100000000)
  eden space 33280K, 9% used [0x00000000d5c00000,0x00000000d5f25f18,0x00000000d7c80000)
  from space 5120K, 99% used [0x00000000d7c80000,0x00000000d817c6b0,0x00000000d8180000)
  to   space 5120K, 0% used [0x00000000d8a00000,0x00000000d8a00000,0x00000000d8f00000)
 ParOldGen       total 66560K, used 11578K [0x0000000081400000, 0x0000000085500000, 0x00000000d5c00000)
  object space 66560K, 17% used [0x0000000081400000,0x0000000081f4ea98,0x0000000085500000)
 Metaspace       used 25535K, capacity 26802K, committed 27008K, reserved 1073152K
  class space    used 3667K, capacity 3925K, committed 3968K, reserved 1048576K
GC Heap History (8 events):
Event: 0.806 GC heap before
{Heap before GC invocations=1 (full 0):
 PSYoungGen      total 38400K, used 33280K [0x00000000d5c00000, 0x00000000d8680000, 0x0000000100000000)
  eden space 33280K, 100% used [0x00000000d5c00000,0x00000000d7c80000,0x00000000d7c80000)
  from space 5120K, 0% used [0x00000000d8180000,0x00000000d8180000,0x00000000d8680000)
  to   space 5120K, 0% used [0x00000000d7c80000,0x00000000d7c80000,0x00000000d8180000)
 ParOldGen       total 87552K, used 0K [0x0000000081400000, 0x0000000086980000, 0x00000000d5c00000)
  object space 87552K, 0% used [0x0000000081400000,0x0000000081400000,0x0000000086980000)
 Metaspace       used 14318K, capacity 14866K, committed 14976K, reserved 1062912K
  class space    used 1998K, capacity 2145K, committed 2176K, reserved 1048576K
Event: 0.812 GC heap after
Heap after GC invocations=1 (full 0):
 PSYoungGen      total 38400K, used 5103K [0x00000000d5c00000, 0x00000000d8680000, 0x0000000100000000)
  eden space 33280K, 0% used [0x00000000d5c00000,0x00000000d5c00000,0x00000000d7c80000)
  from space 5120K, 99% used [0x00000000d7c80000,0x00000000d817bfd0,0x00000000d8180000)
  to   space 5120K, 0% used [0x00000000d8180000,0x00000000d8180000,0x00000000d8680000)
 ParOldGen       total 87552K, used 1583K [0x0000000081400000, 0x0000000086980000, 0x00000000d5c00000)
  object space 87552K, 1% used [0x0000000081400000,0x000000008158bc50,0x0000000086980000)
 Metaspace       used 14318K, capacity 14866K, committed 14976K, reserved 1062912K
  class space    used 1998K, capacity 2145K, committed 2176K, reserved 1048576K
}
Event: 1.255 GC heap before
{Heap before GC invocations=2 (full 0):
 PSYoungGen      total 38400K, used 22838K [0x00000000d5c00000, 0x00000000d8680000, 0x0000000100000000)
  eden space 33280K, 53% used [0x00000000d5c00000,0x00000000d6d51a68,0x00000000d7c80000)
  from space 5120K, 99% used [0x00000000d7c80000,0x00000000d817bfd0,0x00000000d8180000)
  to   space 5120K, 0% used [0x00000000d8180000,0x00000000d8180000,0x00000000d8680000)
 ParOldGen       total 87552K, used 1583K [0x0000000081400000, 0x0000000086980000, 0x00000000d5c00000)
  object space 87552K, 1% used [0x0000000081400000,0x000000008158bc50,0x0000000086980000)
 Metaspace       used 20199K, capacity 21152K, committed 21296K, reserved 1067008K
  class space    used 2967K, capacity 3174K, committed 3200K, reserved 1048576K
Event: 1.262 GC heap after
Heap after GC invocations=2 (full 0):
 PSYoungGen      total 38400K, used 5088K [0x00000000d5c00000, 0x00000000da700000, 0x0000000100000000)
  eden space 33280K, 0% used [0x00000000d5c00000,0x00000000d5c00000,0x00000000d7c80000)
  from space 5120K, 99% used [0x00000000d8180000,0x00000000d8678050,0x00000000d8680000)
  to   space 5120K, 0% used [0x00000000d7c80000,0x00000000d7c80000,0x00000000d8180000)
 ParOldGen       total 87552K, used 3251K [0x0000000081400000, 0x0000000086980000, 0x00000000d5c00000)
  object space 87552K, 3% used [0x0000000081400000,0x000000008172cec0,0x0000000086980000)
 Metaspace       used 20199K, capacity 21152K, committed 21296K, reserved 1067008K
  class space    used 2967K, capacity 3174K, committed 3200K, reserved 1048576K
}
Event: 1.262 GC heap before
{Heap before GC invocations=3 (full 1):
 PSYoungGen      total 38400K, used 5088K [0x00000000d5c00000, 0x00000000da700000, 0x0000000100000000)
  eden space 33280K, 0% used [0x00000000d5c00000,0x00000000d5c00000,0x00000000d7c80000)
  from space 5120K, 99% used [0x00000000d8180000,0x00000000d8678050,0x00000000d8680000)
  to   space 5120K, 0% used [0x00000000d7c80000,0x00000000d7c80000,0x00000000d8180000)
 ParOldGen       total 87552K, used 3251K [0x0000000081400000, 0x0000000086980000, 0x00000000d5c00000)
  object space 87552K, 3% used [0x0000000081400000,0x000000008172cec0,0x0000000086980000)
 Metaspace       used 20199K, capacity 21152K, committed 21296K, reserved 1067008K
  class space    used 2967K, capacity 3174K, committed 3200K, reserved 1048576K
Event: 1.298 GC heap after
Heap after GC invocations=3 (full 1):
 PSYoungGen      total 38400K, used 0K [0x00000000d5c00000, 0x00000000da700000, 0x0000000100000000)
  eden space 33280K, 0% used [0x00000000d5c00000,0x00000000d5c00000,0x00000000d7c80000)
  from space 5120K, 0% used [0x00000000d8180000,0x00000000d8180000,0x00000000d8680000)
  to   space 5120K, 0% used [0x00000000d7c80000,0x00000000d7c80000,0x00000000d8180000)
 ParOldGen       total 66560K, used 7933K [0x0000000081400000, 0x0000000085500000, 0x00000000d5c00000)
  object space 66560K, 11% used [0x0000000081400000,0x0000000081bbf770,0x0000000085500000)
 Metaspace       used 20199K, capacity 21152K, committed 21296K, reserved 1067008K
  class space    used 2967K, capacity 3174K, committed 3200K, reserved 1048576K
}
Event: 2.806 GC heap before
{Heap before GC invocations=4 (full 1):
 PSYoungGen      total 38400K, used 33280K [0x00000000d5c00000, 0x00000000da700000, 0x0000000100000000)
  eden space 33280K, 100% used [0x00000000d5c00000,0x00000000d7c80000,0x00000000d7c80000)
  from space 5120K, 0% used [0x00000000d8180000,0x00000000d8180000,0x00000000d8680000)
  to   space 5120K, 0% used [0x00000000d7c80000,0x00000000d7c80000,0x00000000d8180000)
 ParOldGen       total 66560K, used 7933K [0x0000000081400000, 0x0000000085500000, 0x00000000d5c00000)
  object space 66560K, 11% used [0x0000000081400000,0x0000000081bbf770,0x0000000085500000)
 Metaspace       used 25286K, capacity 26470K, committed 26752K, reserved 1073152K
  class space    used 3639K, capacity 3881K, committed 3968K, reserved 1048576K
Event: 2.813 GC heap after
Heap after GC invocations=4 (full 1):
 PSYoungGen      total 38400K, used 5105K [0x00000000d5c00000, 0x00000000d8f00000, 0x0000000100000000)
  eden space 33280K, 0% used [0x00000000d5c00000,0x00000000d5c00000,0x00000000d7c80000)
  from space 5120K, 99% used [0x00000000d7c80000,0x00000000d817c6b0,0x00000000d8180000)
  to   space 5120K, 0% used [0x00000000d8a00000,0x00000000d8a00000,0x00000000d8f00000)
 ParOldGen       total 66560K, used 11578K [0x0000000081400000, 0x0000000085500000, 0x00000000d5c00000)
  object space 66560K, 17% used [0x0000000081400000,0x0000000081f4ea98,0x0000000085500000)
 Metaspace       used 25286K, capacity 26470K, committed 26752K, reserved 1073152K
  class space    used 3639K, capacity 3881K, committed 3968K, reserved 1048576K
}

