# JRE version: Java(TM) SE Runtime Environment (8.0_151-b12) (build 1.8.0_151-b12)
# Java VM: Java HotSpot(TM) 64-Bit Server VM (25.151-b12 mixed mode windows-amd64 compressed oops)
Heap:
 PSYoungGen      total 38400K, used 7540K [0x00000000d5c00000, 0x00000000d8f00000, 0x0000000100000000)
  eden space 33280K, 7% used [0x00000000d5c00000,0x00000000d5e61080,0x00000000d7c80000)
  from space 5120K, 99% used [0x00000000d7c80000,0x00000000d817c250,0x00000000d8180000)
  to   space 5120K, 0% used [0x00000000d8a00000,0x00000000d8a00000,0x00000000d8f00000)
 ParOldGen       total 67072K, used 11850K [0x0000000081400000, 0x0000000085580000, 0x00000000d5c00000)
  object space 67072K, 17% used [0x0000000081400000,0x0000000081f92878,0x0000000085580000)
 Metaspace       used 25849K, capacity 27250K, committed 27392K, reserved 1073152K
  class space    used 3729K, capacity 4013K, committed 4096K, reserved 1048576K
GC Heap History (8 events):
Event: 0.819 GC heap before
{Heap before GC invocations=1 (full 0):
 PSYoungGen      total 38400K, used 33280K [0x00000000d5c00000, 0x00000000d8680000, 0x0000000100000000)
  eden space 33280K, 100% used [0x00000000d5c00000,0x00000000d7c80000,0x00000000d7c80000)
  from space 5120K, 0% used [0x00000000d8180000,0x00000000d8180000,0x00000000d8680000)
  to   space 5120K, 0% used [0x00000000d7c80000,0x00000000d7c80000,0x00000000d8180000)
 ParOldGen       total 87552K, used 0K [0x0000000081400000, 0x0000000086980000, 0x00000000d5c00000)
  object space 87552K, 0% used [0x0000000081400000,0x0000000081400000,0x0000000086980000)
 Metaspace       used 14311K, capacity 14866K, committed 14976K, reserved 1062912K
  class space    used 1998K, capacity 2145K, committed 2176K, reserved 1048576K
Event: 0.826 GC heap after
Heap after GC invocations=1 (full 0):
 PSYoungGen      total 38400K, used 5103K [0x00000000d5c00000, 0x00000000d8680000, 0x0000000100000000)
  eden space 33280K, 0% used [0x00000000d5c00000,0x00000000d5c00000,0x00000000d7c80000)
  from space 5120K, 99% used [0x00000000d7c80000,0x00000000d817bff0,0x00000000d8180000)
  to   space 5120K, 0% used [0x00000000d8180000,0x00000000d8180000,0x00000000d8680000)
 ParOldGen       total 87552K, used 1549K [0x0000000081400000, 0x0000000086980000, 0x00000000d5c00000)
  object space 87552K, 1% used [0x0000000081400000,0x00000000815834d8,0x0000000086980000)
 Metaspace       used 14311K, capacity 14866K, committed 14976K, reserved 1062912K
  class space    used 1998K, capacity 2145K, committed 2176K, reserved 1048576K
}
Event: 1.331 GC heap before
{Heap before GC invocations=2 (full 0):
 PSYoungGen      total 38400K, used 23476K [0x00000000d5c00000, 0x00000000d8680000, 0x0000000100000000)
  eden space 33280K, 55% used [0x00000000d5c00000,0x00000000d6df12e8,0x00000000d7c80000)
  from space 5120K, 99% used [0x00000000d7c80000,0x00000000d817bff0,0x00000000d8180000)
  to   space 5120K, 0% used [0x00000000d8180000,0x00000000d8180000,0x00000000d8680000)
 ParOldGen       total 87552K, used 1549K [0x0000000081400000, 0x0000000086980000, 0x00000000d5c00000)
  object space 87552K, 1% used [0x0000000081400000,0x00000000815834d8,0x0000000086980000)
 Metaspace       used 20264K, capacity 21216K, committed 21296K, reserved 1067008K
  class space    used 2967K, capacity 3174K, committed 3200K, reserved 1048576K
Event: 1.340 GC heap after
Heap after GC invocations=2 (full 0):
 PSYoungGen      total 38400K, used 5089K [0x00000000d5c00000, 0x00000000da700000, 0x0000000100000000)
  eden space 33280K, 0% used [0x00000000d5c00000,0x00000000d5c00000,0x00000000d7c80000)
  from space 5120K, 99% used [0x00000000d8180000,0x00000000d86785c0,0x00000000d8680000)
  to   space 5120K, 0% used [0x00000000d7c80000,0x00000000d7c80000,0x00000000d8180000)
 ParOldGen       total 87552K, used 3457K [0x0000000081400000, 0x0000000086980000, 0x00000000d5c00000)
  object space 87552K, 3% used [0x0000000081400000,0x00000000817606b8,0x0000000086980000)
 Metaspace       used 20264K, capacity 21216K, committed 21296K, reserved 1067008K
  class space    used 2967K, capacity 3174K, committed 3200K, reserved 1048576K
}
Event: 1.340 GC heap before
{Heap before GC invocations=3 (full 1):
 PSYoungGen      total 38400K, used 5089K [0x00000000d5c00000, 0x00000000da700000, 0x0000000100000000)
  eden space 33280K, 0% used [0x00000000d5c00000,0x00000000d5c00000,0x00000000d7c80000)
  from space 5120K, 99% used [0x00000000d8180000,0x00000000d86785c0,0x00000000d8680000)
  to   space 5120K, 0% used [0x00000000d7c80000,0x00000000d7c80000,0x00000000d8180000)
 ParOldGen       total 87552K, used 3457K [0x0000000081400000, 0x0000000086980000, 0x00000000d5c00000)
  object space 87552K, 3% used [0x0000000081400000,0x00000000817606b8,0x0000000086980000)
 Metaspace       used 20264K, capacity 21216K, committed 21296K, reserved 1067008K
  class space    used 2967K, capacity 3174K, committed 3200K, reserved 1048576K
Event: 1.378 GC heap after
Heap after GC invocations=3 (full 1):
 PSYoungGen      total 38400K, used 0K [0x00000000d5c00000, 0x00000000da700000, 0x0000000100000000)
  eden space 33280K, 0% used [0x00000000d5c00000,0x00000000d5c00000,0x00000000d7c80000)
  from space 5120K, 0% used [0x00000000d8180000,0x00000000d8180000,0x00000000d8680000)
  to   space 5120K, 0% used [0x00000000d7c80000,0x00000000d7c80000,0x00000000d8180000)
 ParOldGen       total 67072K, used 8115K [0x0000000081400000, 0x0000000085580000, 0x00000000d5c00000)
  object space 67072K, 12% used [0x0000000081400000,0x0000000081becec8,0x0000000085580000)
 Metaspace       used 20264K, capacity 21216K, committed 21296K, reserved 1067008K
  class space    used 2967K, capacity 3174K, committed 3200K, reserved 1048576K
}
Event: 3.057 GC heap before
{Heap before GC invocations=4 (full 1):
 PSYoungGen      total 38400K, used 33280K [0x00000000d5c00000, 0x00000000da700000, 0x0000000100000000)
  eden space 33280K, 100% used [0x00000000d5c00000,0x00000000d7c80000,0x00000000d7c80000)
  from space 5120K, 0% used [0x00000000d8180000,0x00000000d8180000,0x00000000d8680000)
  to   space 5120K, 0% used [0x00000000d7c80000,0x00000000d7c80000,0x00000000d8180000)
 ParOldGen       total 67072K, used 8115K [0x0000000081400000, 0x0000000085580000, 0x00000000d5c00000)
  object space 67072K, 12% used [0x0000000081400000,0x0000000081becec8,0x0000000085580000)
 Metaspace       used 25421K, capacity 26686K, committed 26752K, reserved 1073152K
  class space    used 3669K, capacity 3935K, committed 3968K, reserved 1048576K
Event: 3.065 GC heap after
Heap after GC invocations=4 (full 1):
 PSYoungGen      total 38400K, used 5104K [0x00000000d5c00000, 0x00000000d8f00000, 0x0000000100000000)
  eden space 33280K, 0% used [0x00000000d5c00000,0x00000000d5c00000,0x00000000d7c80000)
  from space 5120K, 99% used [0x00000000d7c80000,0x00000000d817c250,0x00000000d8180000)
  to   space 5120K, 0% used [0x00000000d8a00000,0x00000000d8a00000,0x00000000d8f00000)
 ParOldGen       total 67072K, used 11850K [0x0000000081400000, 0x0000000085580000, 0x00000000d5c00000)
  object space 67072K, 17% used [0x0000000081400000,0x0000000081f92878,0x0000000085580000)
 Metaspace       used 25421K, capacity 26686K, committed 26752K, reserved 1073152K
  class space    used 3669K, capacity 3935K, committed 3968K, reserved 1048576K
}

